<?xml version="1.0" encoding="UTF-8"?>
<!-- Generated by org.testng.reporters.JUnitReportReporter -->
<testsuite hostname="LAPTOP-40CJ0FDU" failures="0" tests="1" name="TestCases._1_LoginPageTest" time="7.945" errors="0" timestamp="2026-06-28T12:35:07 IST" skipped="0">
  <testcase classname="TestCases._1_LoginPageTest" name="loginToApplicationTest" time="7.945">
    <system-out>
      <![CDATA[Current URL of application :- https://www.saucedemo.com/inventory.html]]>
    </system-out>
  </testcase> <!-- loginToApplicationTest -->
  <system-out>
    <![CDATA[URL of checkout page 2:-https://www.saucedemo.com/checkout-step-two.html
Current URL of application :- https://www.saucedemo.com/inventory.html
Total Product added  :- 6
Count of Product after removing :- 4]]>
  </system-out>
</testsuite> <!-- TestCases._1_LoginPageTest -->
