<?xml version="1.0" encoding="UTF-8"?>
<!-- Generated by org.testng.reporters.JUnitReportReporter -->
<testsuite hostname="LAPTOP-40CJ0FDU" failures="0" tests="1" name="TestCases._5_CheckoutPage2Test" time="21.229" errors="0" timestamp="2026-06-28T12:32:24 IST" skipped="0">
  <testcase classname="TestCases._5_CheckoutPage2Test" name="verifyCheckoutPage2LabelTest" time="21.229">
    <system-out>
      <![CDATA[Checkout Page2 of label :-Checkout: Overview]]>
    </system-out>
  </testcase> <!-- verifyCheckoutPage2LabelTest -->
  <system-out>
    <![CDATA[Checkout Page2 of label :-Checkout: Overview
URL of Cart page :-https://www.saucedemo.com/cart.html
URL of checkout page 2:-https://www.saucedemo.com/checkout-step-two.html
Checkout Page Label :-Checkout: Your Information
Origional URL of application:- https://www.saucedemo.com/
Current URL of application :- https://www.saucedemo.com/inventory.html
Total Product added  :- 6
Count of Product after removing :- 4]]>
  </system-out>
</testsuite> <!-- TestCases._5_CheckoutPage2Test -->
