<?xml version="1.0" encoding="UTF-8"?>
<!-- Generated by org.testng.reporters.JUnitReportReporter -->
<testsuite hostname="LAPTOP-40CJ0FDU" failures="0" tests="5" name="TestCases._6_CheckoutCompletePageTest" time="90.022" errors="0" timestamp="2026-06-25T20:12:32 IST" skipped="0">
  <testcase classname="TestCases._6_CheckoutCompletePageTest" name="verifyPonyLogoTest" time="24.965"/>
  <testcase classname="TestCases._6_CheckoutCompletePageTest" name="verifyCheckoutCompleteLbel2Test" time="16.279">
    <system-out>
      <![CDATA[Checkout Page3 Label :- Thank you for your order!]]>
    </system-out>
  </testcase> <!-- verifyCheckoutCompleteLbel2Test -->
  <testcase classname="TestCases._6_CheckoutCompletePageTest" name="verifyCheckoutCompleteLabel3Test" time="16.170">
    <system-out>
      <![CDATA[Checkout Page3 Label :-Your order has been dispatched, and will arrive just as fast as the pony can get there!]]>
    </system-out>
  </testcase> <!-- verifyCheckoutCompleteLabel3Test -->
  <testcase classname="TestCases._6_CheckoutCompletePageTest" name="verifyCompletePageURLTest" time="16.179">
    <system-out>
      <![CDATA[URL of checkout :- https://www.saucedemo.com/checkout-complete.html]]>
    </system-out>
  </testcase> <!-- verifyCompletePageURLTest -->
  <testcase classname="TestCases._6_CheckoutCompletePageTest" name="verifyChecoutCompleteLabel1Test" time="16.429">
    <system-out>
      <![CDATA[Checkout Page3 Label :- Checkout: Complete!]]>
    </system-out>
  </testcase> <!-- verifyChecoutCompleteLabel1Test -->
  <system-out>
    <![CDATA[Checkout Page3 Label :-Your order has been dispatched, and will arrive just as fast as the pony can get there!
Checkout Page3 Label :- Thank you for your order!
Checkout Page3 Label :- Checkout: Complete!
URL of checkout :- https://www.saucedemo.com/checkout-complete.html
Cart Page Label :-Your Cart
URL of Cart page :-https://www.saucedemo.com/cart.html
URL of checkout page 2:-https://www.saucedemo.com/checkout-step-two.html
Checkout Page Label :-Checkout: Your Information
URL of checkout page :- https://www.saucedemo.com/checkout-step-one.html
Origional URL of application:- https://www.saucedemo.com/
Title of application:- Swag Labs
visibility of login_logo :- true
Current URL of application :- https://www.saucedemo.com/inventory.html
Count of Product after removing :- 4
Visibility of fb logo :- true
Label Title :- Products
Visibility of Linkedin Logo :-true
Visibility of Twitter logo :- true]]>
  </system-out>
</testsuite> <!-- TestCases._6_CheckoutCompletePageTest -->
