<?xml version="1.0" encoding="UTF-8"?>
<!-- Generated by org.testng.reporters.JUnitReportReporter -->
<testsuite hostname="LAPTOP-40CJ0FDU" failures="0" tests="5" name="TestCases.CheckoutCompletePageTest" time="96.884" errors="0" timestamp="2026-06-23T23:06:28 IST" skipped="0">
  <testcase classname="TestCases.CheckoutCompletePageTest" name="verifyCheckoutCompleteLbel2Test" time="18.688">
    <system-out>
      <![CDATA[Checkout Page3 Label :- Thank you for your order!]]>
    </system-out>
  </testcase> <!-- verifyCheckoutCompleteLbel2Test -->
  <testcase classname="TestCases.CheckoutCompletePageTest" name="verifyCheckoutCompleteLabel3Test" time="19.464">
    <system-out>
      <![CDATA[Checkout Page3 Label :-Your order has been dispatched, and will arrive just as fast as the pony can get there!]]>
    </system-out>
  </testcase> <!-- verifyCheckoutCompleteLabel3Test -->
  <testcase classname="TestCases.CheckoutCompletePageTest" name="verifyCompletePageURLTest" time="19.280">
    <system-out>
      <![CDATA[URL of checkout :- https://www.saucedemo.com/checkout-complete.html]]>
    </system-out>
  </testcase> <!-- verifyCompletePageURLTest -->
  <testcase classname="TestCases.CheckoutCompletePageTest" name="verifyPonyLogoTest" time="21.037"/>
  <testcase classname="TestCases.CheckoutCompletePageTest" name="verifyChecoutCompleteLabel1Test" time="18.415">
    <system-out>
      <![CDATA[Checkout Page3 Label :- Checkout: Complete!]]>
    </system-out>
  </testcase> <!-- verifyChecoutCompleteLabel1Test -->
  <system-out>
    <![CDATA[Checkout Page3 Label :-Your order has been dispatched, and will arrive just as fast as the pony can get there!
Checkout Page3 Label :- Thank you for your order!
Checkout Page3 Label :- Checkout: Complete!
URL of checkout :- https://www.saucedemo.com/checkout-complete.html]]>
  </system-out>
</testsuite> <!-- TestCases.CheckoutCompletePageTest -->
