<?xml version="1.0" encoding="UTF-8"?>
<!-- Generated by org.testng.reporters.JUnitReportReporter -->
<testsuite hostname="LAPTOP-40CJ0FDU" failures="0" tests="4" name="Pages.CheckoutPage2Test" time="65.749" errors="0" timestamp="2026-06-23T19:28:24 IST" skipped="0">
  <testcase classname="Pages.CheckoutPage2Test" name="verifypaymentInfoLabelTest" time="16.693">
    <system-out>
      <![CDATA[Checkout Page2 of payment :-SauceCard #31337]]>
    </system-out>
  </testcase> <!-- verifypaymentInfoLabelTest -->
  <testcase classname="Pages.CheckoutPage2Test" name="verifyshippingInfoLabelTest" time="16.607">
    <system-out>
      <![CDATA[Checkout Page2 of shipping :-Free Pony Express Delivery!]]>
    </system-out>
  </testcase> <!-- verifyshippingInfoLabelTest -->
  <testcase classname="Pages.CheckoutPage2Test" name="verifytotalAmountLabelTest" time="16.159">
    <system-out>
      <![CDATA[Checkout Page2 of Total amount :-Total: $140.34]]>
    </system-out>
  </testcase> <!-- verifytotalAmountLabelTest -->
  <testcase classname="Pages.CheckoutPage2Test" name="verifyCheckoutPage2LabelTest" time="16.290">
    <system-out>
      <![CDATA[Checkout Page2 of label :-Checkout: Overview]]>
    </system-out>
  </testcase> <!-- verifyCheckoutPage2LabelTest -->
  <system-out>
    <![CDATA[Checkout Page2 of label :-Checkout: Overview
Checkout Page2 of payment :-SauceCard #31337
Checkout Page2 of shipping :-Free Pony Express Delivery!
Checkout Page2 of Total amount :-Total: $140.34]]>
  </system-out>
</testsuite> <!-- Pages.CheckoutPage2Test -->
