<?xml version="1.0" encoding="UTF-8"?>
<!-- Generated by org.testng.reporters.JUnitReportReporter -->
<testsuite hostname="LAPTOP-40CJ0FDU" failures="0" tests="6" name="TestCases._2_InventoryPageTest" time="24.956" errors="0" timestamp="2026-06-28T13:00:05 IST" skipped="5">
  <testcase classname="TestCases._2_InventoryPageTest" name="remove3ProductsTest" time="24.956">
    <system-out>
      <![CDATA[Count of Product after removing :- 4]]>
    </system-out>
  </testcase> <!-- remove3ProductsTest -->
  <testcase classname="TestCases._2_InventoryPageTest" name="add6ProductTest">
    <skipped/>
  </testcase> <!-- add6ProductTest -->
  <testcase classname="TestCases._2_InventoryPageTest" name="verifyLabelTest">
    <skipped/>
  </testcase> <!-- verifyLabelTest -->
  <testcase classname="TestCases._2_InventoryPageTest" name="verifyFbLogoTest">
    <skipped/>
  </testcase> <!-- verifyFbLogoTest -->
  <testcase classname="TestCases._2_InventoryPageTest" name="verifyTwitterLogoTest">
    <skipped/>
  </testcase> <!-- verifyTwitterLogoTest -->
  <testcase classname="TestCases._2_InventoryPageTest" name="verifyLinkedinLogoTest">
    <skipped/>
  </testcase> <!-- verifyLinkedinLogoTest -->
  <system-out>
    <![CDATA[Count of Product after removing :- 4]]>
  </system-out>
</testsuite> <!-- TestCases._2_InventoryPageTest -->
