<?xml version="1.0" encoding="UTF-8"?>
<!-- Generated by org.testng.reporters.JUnitReportReporter -->
<testsuite hostname="LAPTOP-40CJ0FDU" failures="0" tests="1" name="TestCases._4_CheckoutPage1test" time="18.509" errors="0" timestamp="2026-06-28T12:35:46 IST" skipped="0">
  <testcase classname="TestCases._4_CheckoutPage1test" name="inputCheckoutInfo" time="18.509">
    <system-out>
      <![CDATA[URL of checkout page 2:-https://www.saucedemo.com/checkout-step-two.html]]>
    </system-out>
  </testcase> <!-- inputCheckoutInfo -->
  <system-out>
    <![CDATA[URL of checkout page 2:-https://www.saucedemo.com/checkout-step-two.html]]>
  </system-out>
</testsuite> <!-- TestCases._4_CheckoutPage1test -->
