<?xml version="1.0" encoding="UTF-8"?>
<!-- Generated by org.testng.reporters.JUnitReportReporter -->
<testsuite hostname="LAPTOP-40CJ0FDU" failures="0" tests="3" name="TestCases.CheckoutPage1test" time="46.650" errors="0" timestamp="2026-06-23T18:31:24 IST" skipped="0">
  <testcase classname="TestCases.CheckoutPage1test" name="inputCheckoutInfo" time="16.734"/>
  <testcase classname="TestCases.CheckoutPage1test" name="verifyCheckoutPage1Label" time="14.765"/>
  <testcase classname="TestCases.CheckoutPage1test" name="verifyCheckoutPage1URl" time="15.151"/>
</testsuite> <!-- TestCases.CheckoutPage1test -->
