<?xml version="1.0" encoding="UTF-8"?>
<!-- Generated by org.testng.reporters.JUnitXMLReporter -->
<testsuite ignored="23" hostname="LAPTOP-40CJ0FDU" failures="0" tests="1" name="Test" time="18.564" errors="0" timestamp="2026-06-28T12:35:46 IST">
  <testcase classname="TestCases._4_CheckoutPage1test" name="inputCheckoutInfo" time="0.75"/>
  <testcase classname="TestCases._5_CheckoutPage2Test" name="verifypaymentInfoLabelTest" time="0.0">
    <ignored/>
  </testcase> <!-- verifypaymentInfoLabelTest -->
  <testcase classname="TestCases._6_CheckoutCompletePageTest" name="verifyPonyLogoTest" time="0.0">
    <ignored/>
  </testcase> <!-- verifyPonyLogoTest -->
  <testcase classname="TestCases._5_CheckoutPage2Test" name="verifyshippingInfoLabelTest" time="0.0">
    <ignored/>
  </testcase> <!-- verifyshippingInfoLabelTest -->
  <testcase classname="TestCases._5_CheckoutPage2Test" name="verifyCheckoutPage2LabelTest" time="0.0">
    <ignored/>
  </testcase> <!-- verifyCheckoutPage2LabelTest -->
  <testcase classname="TestCases._2_InventoryPageTest" name="verifyFbLogoTest" time="0.0">
    <ignored/>
  </testcase> <!-- verifyFbLogoTest -->
  <testcase classname="TestCases._2_InventoryPageTest" name="verifyLabelTest" time="0.0">
    <ignored/>
  </testcase> <!-- verifyLabelTest -->
  <testcase classname="TestCases._6_CheckoutCompletePageTest" name="verifyCheckoutCompleteLabel3Test" time="0.0">
    <ignored/>
  </testcase> <!-- verifyCheckoutCompleteLabel3Test -->
  <testcase classname="TestCases._1_LoginPageTest" name="verifyURLofAppTest" time="0.0">
    <ignored/>
  </testcase> <!-- verifyURLofAppTest -->
  <testcase classname="TestCases._2_InventoryPageTest" name="verifyTwitterLogoTest" time="0.0">
    <ignored/>
  </testcase> <!-- verifyTwitterLogoTest -->
  <testcase classname="TestCases._2_InventoryPageTest" name="remove3ProductsTest" time="0.0">
    <ignored/>
  </testcase> <!-- remove3ProductsTest -->
  <testcase classname="TestCases._6_CheckoutCompletePageTest" name="verifyCompletePageURLTest" time="0.0">
    <ignored/>
  </testcase> <!-- verifyCompletePageURLTest -->
  <testcase classname="TestCases._4_CheckoutPage1test" name="verifyCheckoutPage1Label" time="0.0">
    <ignored/>
  </testcase> <!-- verifyCheckoutPage1Label -->
  <testcase classname="TestCases._2_InventoryPageTest" name="verifyLinkedinLogoTest" time="0.0">
    <ignored/>
  </testcase> <!-- verifyLinkedinLogoTest -->
  <testcase classname="TestCases._5_CheckoutPage2Test" name="verifytotalAmountLabelTest" time="0.0">
    <ignored/>
  </testcase> <!-- verifytotalAmountLabelTest -->
  <testcase classname="TestCases._1_LoginPageTest" name="verifyTitleTest" time="0.0">
    <ignored/>
  </testcase> <!-- verifyTitleTest -->
  <testcase classname="TestCases._6_CheckoutCompletePageTest" name="verifyChecoutCompleteLabel1Test" time="0.0">
    <ignored/>
  </testcase> <!-- verifyChecoutCompleteLabel1Test -->
  <testcase classname="TestCases._6_CheckoutCompletePageTest" name="verifyCheckoutCompleteLbel2Test" time="0.0">
    <ignored/>
  </testcase> <!-- verifyCheckoutCompleteLbel2Test -->
  <testcase classname="TestCases._3_CartPageTest" name="verifyCartLabel" time="0.0">
    <ignored/>
  </testcase> <!-- verifyCartLabel -->
  <testcase classname="TestCases._1_LoginPageTest" name="verifyLoginLogoTest" time="0.0">
    <ignored/>
  </testcase> <!-- verifyLoginLogoTest -->
  <testcase classname="TestCases._2_InventoryPageTest" name="add6ProductTest" time="0.0">
    <ignored/>
  </testcase> <!-- add6ProductTest -->
  <testcase classname="TestCases._1_LoginPageTest" name="loginToApplicationTest" time="0.0">
    <ignored/>
  </testcase> <!-- loginToApplicationTest -->
  <testcase classname="TestCases._4_CheckoutPage1test" name="verifyCheckoutPage1URl" time="0.0">
    <ignored/>
  </testcase> <!-- verifyCheckoutPage1URl -->
  <testcase classname="TestCases._3_CartPageTest" name="verifyCartPageURLTest" time="0.0">
    <ignored/>
  </testcase> <!-- verifyCartPageURLTest -->
</testsuite> <!-- Test -->
