<?xml version="1.0" encoding="UTF-8"?>
<!-- Generated by org.testng.reporters.JUnitXMLReporter -->
<testsuite ignored="2" hostname="LAPTOP-40CJ0FDU" failures="2" tests="4" name="Default test(failed)" time="34.425" errors="0" timestamp="2026-06-23T16:59:33 IST">
  <testcase classname="TestCases.InventoryPageTest" name="verifyLinkedinLogoTest" time="0.138">
    <failure type="java.lang.AssertionError" message="expected [false] but found [true]">
      <![CDATA[java.lang.AssertionError: expected [false] but found [true]
at TestCases.InventoryPageTest.verifyLinkedinLogoTest(InventoryPageTest.java:74)
at java.base/java.util.ArrayList.forEach(ArrayList.java:1596)
... Removed 32 stack frames]]>
    </failure>
  </testcase> <!-- verifyLinkedinLogoTest -->
  <testcase classname="TestCases.InventoryPageTest" name="verifyFbLogoTest" time="0.063"/>
  <testcase classname="TestCases.InventoryPageTest" name="verifyTwitterLogoTest" time="0.095">
    <failure type="java.lang.AssertionError" message="expected [false] but found [true]">
      <![CDATA[java.lang.AssertionError: expected [false] but found [true]
at TestCases.InventoryPageTest.verifyTwitterLogoTest(InventoryPageTest.java:55)
at java.base/java.util.ArrayList.forEach(ArrayList.java:1596)
... Removed 32 stack frames]]>
    </failure>
  </testcase> <!-- verifyTwitterLogoTest -->
  <testcase classname="TestCases.InventoryPageTest" name="add6ProductTest" time="3.497"/>
  <testcase classname="TestCases.InventoryPageTest" name="verifyLabelTest" time="0.0">
    <ignored/>
  </testcase> <!-- verifyLabelTest -->
  <testcase classname="TestCases.InventoryPageTest" name="remove3ProductsTest" time="0.0">
    <ignored/>
  </testcase> <!-- remove3ProductsTest -->
</testsuite> <!-- Default test(failed) -->
