<?xml version="1.0" encoding="UTF-8"?>
<testng-results ignored="0" total="5" passed="3" failed="2" skipped="0">
  <reporter-output>
  </reporter-output>
  <suite started-at="2026-06-28T14:05:48 IST" name="Default suite" finished-at="2026-06-28T14:06:27 IST" duration-ms="39693">
    <groups>
    </groups>
    <test started-at="2026-06-28T14:05:48 IST" name="Default test" finished-at="2026-06-28T14:06:27 IST" duration-ms="39693">
      <class name="TestCases._7_VerifyMultipleCredentialsTest">
        <test-method is-config="true" signature="setup()[pri:0, instance:TestCases._7_VerifyMultipleCredentialsTest@66f57048]" started-at="2026-06-28T14:05:48 IST" name="setup" finished-at="2026-06-28T14:05:54 IST" duration-ms="6722" status="PASS">
          <reporter-output>
          </reporter-output>
        </test-method> <!-- setup -->
        <test-method signature="loginToAppWithMultipleCredsTest(java.lang.String,java.lang.String)[pri:0, instance:TestCases._7_VerifyMultipleCredentialsTest@66f57048]" started-at="2026-06-28T14:05:54 IST" name="loginToAppWithMultipleCredsTest" data-provider="credentials" finished-at="2026-06-28T14:05:55 IST" duration-ms="667" status="PASS">
          <params>
            <param index="0">
              <value>
                <![CDATA[standard_user]]>
              </value>
            </param>
            <param index="1">
              <value>
                <![CDATA[secret_sauce]]>
              </value>
            </param>
          </params>
          <reporter-output>
          </reporter-output>
        </test-method> <!-- loginToAppWithMultipleCredsTest -->
        <test-method is-config="true" signature="closeBrowser(org.testng.ITestResult)[pri:0, instance:TestCases._7_VerifyMultipleCredentialsTest@66f57048]" started-at="2026-06-28T14:05:55 IST" name="closeBrowser" finished-at="2026-06-28T14:05:55 IST" duration-ms="233" status="PASS">
          <params>
            <param index="0">
              <value>
                <![CDATA[[TestResult name=loginToAppWithMultipleCredsTest status=SUCCESS method=_7_VerifyMultipleCredentialsTest.loginToAppWithMultipleCredsTest(java.lang.String,java.lang.String)[pri:0, instance:TestCases._7_VerifyMultipleCredentialsTest@66f57048] output={null}]]]>
              </value>
            </param>
          </params>
          <reporter-output>
          </reporter-output>
        </test-method> <!-- closeBrowser -->
        <test-method is-config="true" signature="setup()[pri:0, instance:TestCases._7_VerifyMultipleCredentialsTest@66f57048]" started-at="2026-06-28T14:05:55 IST" name="setup" finished-at="2026-06-28T14:06:02 IST" duration-ms="6450" status="PASS">
          <reporter-output>
          </reporter-output>
        </test-method> <!-- setup -->
        <test-method signature="loginToAppWithMultipleCredsTest(java.lang.String,java.lang.String)[pri:0, instance:TestCases._7_VerifyMultipleCredentialsTest@66f57048]" started-at="2026-06-28T14:06:02 IST" name="loginToAppWithMultipleCredsTest" data-provider="credentials" finished-at="2026-06-28T14:06:02 IST" duration-ms="483" status="FAIL">
          <params>
            <param index="0">
              <value>
                <![CDATA[locked_out_user]]>
              </value>
            </param>
            <param index="1">
              <value>
                <![CDATA[standard_user]]>
              </value>
            </param>
          </params>
          <exception class="java.lang.AssertionError">
            <message>
              <![CDATA[The following asserts failed:
expected [https://www.saucedemo.com/] but found [https://www.saucedemo.com/inventory.html]]]>
            </message>
            <full-stacktrace>
              <![CDATA[java.lang.AssertionError: The following asserts failed:
expected [https://www.saucedemo.com/] but found [https://www.saucedemo.com/inventory.html]
at org.testng.asserts.SoftAssert.assertAll(SoftAssert.java:46)
at org.testng.asserts.SoftAssert.assertAll(SoftAssert.java:30)
at TestCases._7_VerifyMultipleCredentialsTest.loginToAppWithMultipleCredsTest(_7_VerifyMultipleCredentialsTest.java:38)
at java.base/jdk.internal.reflect.DirectMethodHandleAccessor.invoke(DirectMethodHandleAccessor.java:103)
at java.base/java.lang.reflect.Method.invoke(Method.java:580)
at org.testng.internal.invokers.MethodInvocationHelper.invokeMethod(MethodInvocationHelper.java:141)
at org.testng.internal.invokers.TestInvoker.invokeMethod(TestInvoker.java:687)
at org.testng.internal.invokers.TestInvoker.invokeTestMethod(TestInvoker.java:230)
at org.testng.internal.invokers.MethodRunner.runInSequence(MethodRunner.java:63)
at org.testng.internal.invokers.TestInvoker$MethodInvocationAgent.invoke(TestInvoker.java:995)
at org.testng.internal.invokers.TestInvoker.invokeTestMethods(TestInvoker.java:203)
at org.testng.internal.invokers.TestMethodWorker.invokeTestMethods(TestMethodWorker.java:154)
at org.testng.internal.invokers.TestMethodWorker.run(TestMethodWorker.java:134)
at java.base/java.util.ArrayList.forEach(ArrayList.java:1596)
at org.testng.TestRunner.privateRun(TestRunner.java:741)
at org.testng.TestRunner.run(TestRunner.java:616)
at org.testng.SuiteRunner.runTest(SuiteRunner.java:421)
at org.testng.SuiteRunner.runSequentially(SuiteRunner.java:413)
at org.testng.SuiteRunner.privateRun(SuiteRunner.java:373)
at org.testng.SuiteRunner.run(SuiteRunner.java:312)
at org.testng.SuiteRunnerWorker.runSuite(SuiteRunnerWorker.java:52)
at org.testng.SuiteRunnerWorker.run(SuiteRunnerWorker.java:95)
at org.testng.TestNG.runSuitesSequentially(TestNG.java:1274)
at org.testng.TestNG.runSuitesLocally(TestNG.java:1208)
at org.testng.TestNG.runSuites(TestNG.java:1112)
at org.testng.TestNG.run(TestNG.java:1079)
at org.testng.remote.AbstractRemoteTestNG.run(AbstractRemoteTestNG.java:115)
at org.testng.remote.RemoteTestNG.initAndRun(RemoteTestNG.java:293)
at org.testng.remote.RemoteTestNG.main(RemoteTestNG.java:91)
]]>
            </full-stacktrace>
          </exception> <!-- java.lang.AssertionError -->
          <reporter-output>
          </reporter-output>
        </test-method> <!-- loginToAppWithMultipleCredsTest -->
        <test-method is-config="true" signature="closeBrowser(org.testng.ITestResult)[pri:0, instance:TestCases._7_VerifyMultipleCredentialsTest@66f57048]" started-at="2026-06-28T14:06:02 IST" name="closeBrowser" finished-at="2026-06-28T14:06:03 IST" duration-ms="485" status="PASS">
          <params>
            <param index="0">
              <value>
                <![CDATA[[TestResult name=loginToAppWithMultipleCredsTest status=FAILURE method=_7_VerifyMultipleCredentialsTest.loginToAppWithMultipleCredsTest(java.lang.String,java.lang.String)[pri:0, instance:TestCases._7_VerifyMultipleCredentialsTest@66f57048] output={null}]]]>
              </value>
            </param>
          </params>
          <reporter-output>
          </reporter-output>
        </test-method> <!-- closeBrowser -->
        <test-method is-config="true" signature="setup()[pri:0, instance:TestCases._7_VerifyMultipleCredentialsTest@66f57048]" started-at="2026-06-28T14:06:03 IST" name="setup" finished-at="2026-06-28T14:06:09 IST" duration-ms="5796" status="PASS">
          <reporter-output>
          </reporter-output>
        </test-method> <!-- setup -->
        <test-method signature="loginToAppWithMultipleCredsTest(java.lang.String,java.lang.String)[pri:0, instance:TestCases._7_VerifyMultipleCredentialsTest@66f57048]" started-at="2026-06-28T14:06:09 IST" name="loginToAppWithMultipleCredsTest" data-provider="credentials" finished-at="2026-06-28T14:06:09 IST" duration-ms="514" status="FAIL">
          <params>
            <param index="0">
              <value>
                <![CDATA[problem_user]]>
              </value>
            </param>
            <param index="1">
              <value>
                <![CDATA[standard_user]]>
              </value>
            </param>
          </params>
          <exception class="java.lang.AssertionError">
            <message>
              <![CDATA[The following asserts failed:
expected [https://www.saucedemo.com/] but found [https://www.saucedemo.com/inventory.html]]]>
            </message>
            <full-stacktrace>
              <![CDATA[java.lang.AssertionError: The following asserts failed:
expected [https://www.saucedemo.com/] but found [https://www.saucedemo.com/inventory.html]
at org.testng.asserts.SoftAssert.assertAll(SoftAssert.java:46)
at org.testng.asserts.SoftAssert.assertAll(SoftAssert.java:30)
at TestCases._7_VerifyMultipleCredentialsTest.loginToAppWithMultipleCredsTest(_7_VerifyMultipleCredentialsTest.java:38)
at java.base/jdk.internal.reflect.DirectMethodHandleAccessor.invoke(DirectMethodHandleAccessor.java:103)
at java.base/java.lang.reflect.Method.invoke(Method.java:580)
at org.testng.internal.invokers.MethodInvocationHelper.invokeMethod(MethodInvocationHelper.java:141)
at org.testng.internal.invokers.TestInvoker.invokeMethod(TestInvoker.java:687)
at org.testng.internal.invokers.TestInvoker.invokeTestMethod(TestInvoker.java:230)
at org.testng.internal.invokers.MethodRunner.runInSequence(MethodRunner.java:63)
at org.testng.internal.invokers.TestInvoker$MethodInvocationAgent.invoke(TestInvoker.java:995)
at org.testng.internal.invokers.TestInvoker.invokeTestMethods(TestInvoker.java:203)
at org.testng.internal.invokers.TestMethodWorker.invokeTestMethods(TestMethodWorker.java:154)
at org.testng.internal.invokers.TestMethodWorker.run(TestMethodWorker.java:134)
at java.base/java.util.ArrayList.forEach(ArrayList.java:1596)
at org.testng.TestRunner.privateRun(TestRunner.java:741)
at org.testng.TestRunner.run(TestRunner.java:616)
at org.testng.SuiteRunner.runTest(SuiteRunner.java:421)
at org.testng.SuiteRunner.runSequentially(SuiteRunner.java:413)
at org.testng.SuiteRunner.privateRun(SuiteRunner.java:373)
at org.testng.SuiteRunner.run(SuiteRunner.java:312)
at org.testng.SuiteRunnerWorker.runSuite(SuiteRunnerWorker.java:52)
at org.testng.SuiteRunnerWorker.run(SuiteRunnerWorker.java:95)
at org.testng.TestNG.runSuitesSequentially(TestNG.java:1274)
at org.testng.TestNG.runSuitesLocally(TestNG.java:1208)
at org.testng.TestNG.runSuites(TestNG.java:1112)
at org.testng.TestNG.run(TestNG.java:1079)
at org.testng.remote.AbstractRemoteTestNG.run(AbstractRemoteTestNG.java:115)
at org.testng.remote.RemoteTestNG.initAndRun(RemoteTestNG.java:293)
at org.testng.remote.RemoteTestNG.main(RemoteTestNG.java:91)
]]>
            </full-stacktrace>
          </exception> <!-- java.lang.AssertionError -->
          <reporter-output>
          </reporter-output>
        </test-method> <!-- loginToAppWithMultipleCredsTest -->
        <test-method is-config="true" signature="closeBrowser(org.testng.ITestResult)[pri:0, instance:TestCases._7_VerifyMultipleCredentialsTest@66f57048]" started-at="2026-06-28T14:06:09 IST" name="closeBrowser" finished-at="2026-06-28T14:06:09 IST" duration-ms="314" status="PASS">
          <params>
            <param index="0">
              <value>
                <![CDATA[[TestResult name=loginToAppWithMultipleCredsTest status=FAILURE method=_7_VerifyMultipleCredentialsTest.loginToAppWithMultipleCredsTest(java.lang.String,java.lang.String)[pri:0, instance:TestCases._7_VerifyMultipleCredentialsTest@66f57048] output={null}]]]>
              </value>
            </param>
          </params>
          <reporter-output>
          </reporter-output>
        </test-method> <!-- closeBrowser -->
        <test-method is-config="true" signature="setup()[pri:0, instance:TestCases._7_VerifyMultipleCredentialsTest@66f57048]" started-at="2026-06-28T14:06:09 IST" name="setup" finished-at="2026-06-28T14:06:15 IST" duration-ms="5531" status="PASS">
          <reporter-output>
          </reporter-output>
        </test-method> <!-- setup -->
        <test-method signature="loginToAppWithMultipleCredsTest(java.lang.String,java.lang.String)[pri:0, instance:TestCases._7_VerifyMultipleCredentialsTest@66f57048]" started-at="2026-06-28T14:06:15 IST" name="loginToAppWithMultipleCredsTest" data-provider="credentials" finished-at="2026-06-28T14:06:20 IST" duration-ms="5500" status="PASS">
          <params>
            <param index="0">
              <value>
                <![CDATA[performance_glitch_user]]>
              </value>
            </param>
            <param index="1">
              <value>
                <![CDATA[secret_sauce]]>
              </value>
            </param>
          </params>
          <reporter-output>
          </reporter-output>
        </test-method> <!-- loginToAppWithMultipleCredsTest -->
        <test-method is-config="true" signature="closeBrowser(org.testng.ITestResult)[pri:0, instance:TestCases._7_VerifyMultipleCredentialsTest@66f57048]" started-at="2026-06-28T14:06:20 IST" name="closeBrowser" finished-at="2026-06-28T14:06:21 IST" duration-ms="221" status="PASS">
          <params>
            <param index="0">
              <value>
                <![CDATA[[TestResult name=loginToAppWithMultipleCredsTest status=SUCCESS method=_7_VerifyMultipleCredentialsTest.loginToAppWithMultipleCredsTest(java.lang.String,java.lang.String)[pri:0, instance:TestCases._7_VerifyMultipleCredentialsTest@66f57048] output={null}]]]>
              </value>
            </param>
          </params>
          <reporter-output>
          </reporter-output>
        </test-method> <!-- closeBrowser -->
        <test-method is-config="true" signature="setup()[pri:0, instance:TestCases._7_VerifyMultipleCredentialsTest@66f57048]" started-at="2026-06-28T14:06:21 IST" name="setup" finished-at="2026-06-28T14:06:27 IST" duration-ms="5949" status="PASS">
          <reporter-output>
          </reporter-output>
        </test-method> <!-- setup -->
        <test-method signature="loginToAppWithMultipleCredsTest(java.lang.String,java.lang.String)[pri:0, instance:TestCases._7_VerifyMultipleCredentialsTest@66f57048]" started-at="2026-06-28T14:06:27 IST" name="loginToAppWithMultipleCredsTest" data-provider="credentials" finished-at="2026-06-28T14:06:27 IST" duration-ms="547" status="PASS">
          <params>
            <param index="0">
              <value>
                <![CDATA[standard_user]]>
              </value>
            </param>
            <param index="1">
              <value>
                <![CDATA[secret_sauce]]>
              </value>
            </param>
          </params>
          <reporter-output>
          </reporter-output>
        </test-method> <!-- loginToAppWithMultipleCredsTest -->
        <test-method is-config="true" signature="closeBrowser(org.testng.ITestResult)[pri:0, instance:TestCases._7_VerifyMultipleCredentialsTest@66f57048]" started-at="2026-06-28T14:06:27 IST" name="closeBrowser" finished-at="2026-06-28T14:06:27 IST" duration-ms="200" status="PASS">
          <params>
            <param index="0">
              <value>
                <![CDATA[[TestResult name=loginToAppWithMultipleCredsTest status=SUCCESS method=_7_VerifyMultipleCredentialsTest.loginToAppWithMultipleCredsTest(java.lang.String,java.lang.String)[pri:0, instance:TestCases._7_VerifyMultipleCredentialsTest@66f57048] output={null}]]]>
              </value>
            </param>
          </params>
          <reporter-output>
          </reporter-output>
        </test-method> <!-- closeBrowser -->
      </class> <!-- TestCases._7_VerifyMultipleCredentialsTest -->
    </test> <!-- Default test -->
  </suite> <!-- Default suite -->
</testng-results>
